{"meta": {"format": 3, "version": "7.13.4", "timestamp": "2026-03-27T14:00:28.732515", "branch_coverage": true, "show_contexts": false}, "files": {"src\\simple_python_boilerplate\\__init__.py": {"executed_lines": [9, 10, 11, 12, 18, 19, 20, 21, 22, 23, 24, 27, 28, 30, 31, 33], "summary": {"covered_lines": 16, "num_statements": 17, "percent_covered": 91.30434782608695, "percent_covered_display": "91", "missing_lines": 1, "excluded_lines": 0, "percent_statements_covered": 94.11764705882354, "percent_statements_covered_display": "94", "num_branches": 6, "num_partial_branches": 1, "covered_branches": 5, "missing_branches": 1, "percent_branches_covered": 83.33333333333333, "percent_branches_covered_display": "83"}, "missing_lines": [26], "excluded_lines": [], "executed_branches": [[20, 21], [20, 28], [22, 23], [22, 27], [23, 24]], "missing_branches": [[23, 26]], "functions": {"": {"executed_lines": [9, 10, 11, 12, 18, 19, 20, 21, 22, 23, 24, 27, 28, 30, 31, 33], "summary": {"covered_lines": 16, "num_statements": 17, "percent_covered": 91.30434782608695, "percent_covered_display": "91", "missing_lines": 1, "excluded_lines": 0, "percent_statements_covered": 94.11764705882354, "percent_statements_covered_display": "94", "num_branches": 6, "num_partial_branches": 1, "covered_branches": 5, "missing_branches": 1, "percent_branches_covered": 83.33333333333333, "percent_branches_covered_display": "83"}, "missing_lines": [26], "excluded_lines": [], "start_line": 1, "executed_branches": [[20, 21], [20, 28], [22, 23], [22, 27], [23, 24]], "missing_branches": [[23, 26]]}}, "classes": {"": {"executed_lines": [9, 10, 11, 12, 18, 19, 20, 21, 22, 23, 24, 27, 28, 30, 31, 33], "summary": {"covered_lines": 16, "num_statements": 17, "percent_covered": 91.30434782608695, "percent_covered_display": "91", "missing_lines": 1, "excluded_lines": 0, "percent_statements_covered": 94.11764705882354, "percent_statements_covered_display": "94", "num_branches": 6, "num_partial_branches": 1, "covered_branches": 5, "missing_branches": 1, "percent_branches_covered": 83.33333333333333, "percent_branches_covered_display": "83"}, "missing_lines": [26], "excluded_lines": [], "start_line": 1, "executed_branches": [[20, 21], [20, 28], [22, 23], [22, 27], [23, 24]], "missing_branches": [[23, 26]]}}}, "src\\simple_python_boilerplate\\_version.py": {"executed_lines": [4, 13, 21, 22, 24, 25, 26, 27, 28, 29, 31, 32, 34], "summary": {"covered_lines": 13, "num_statements": 13, "percent_covered": 100.0, "percent_covered_display": "100", "missing_lines": 0, "excluded_lines": 5, "percent_statements_covered": 100.0, "percent_statements_covered_display": "100", "num_branches": 0, "num_partial_branches": 0, "covered_branches": 0, "missing_branches": 0, "percent_branches_covered": 100.0, "percent_branches_covered_display": "100"}, "missing_lines": [], "excluded_lines": [14, 15, 16, 18, 19], "executed_branches": [], "missing_branches": [], "functions": {"": {"executed_lines": [4, 13, 21, 22, 24, 25, 26, 27, 28, 29, 31, 32, 34], "summary": {"covered_lines": 13, "num_statements": 13, "percent_covered": 100.0, "percent_covered_display": "100", "missing_lines": 0, "excluded_lines": 5, "percent_statements_covered": 100.0, "percent_statements_covered_display": "100", "num_branches": 0, "num_partial_branches": 0, "covered_branches": 0, "missing_branches": 0, "percent_branches_covered": 100.0, "percent_branches_covered_display": "100"}, "missing_lines": [], "excluded_lines": [14, 15, 16, 18, 19], "start_line": 1, "executed_branches": [], "missing_branches": []}}, "classes": {"": {"executed_lines": [4, 13, 21, 22, 24, 25, 26, 27, 28, 29, 31, 32, 34], "summary": {"covered_lines": 13, "num_statements": 13, "percent_covered": 100.0, "percent_covered_display": "100", "missing_lines": 0, "excluded_lines": 5, "percent_statements_covered": 100.0, "percent_statements_covered_display": "100", "num_branches": 0, "num_partial_branches": 0, "covered_branches": 0, "missing_branches": 0, "percent_branches_covered": 100.0, "percent_branches_covered_display": "100"}, "missing_lines": [], "excluded_lines": [14, 15, 16, 18, 19], "start_line": 1, "executed_branches": [], "missing_branches": []}}}, "src\\simple_python_boilerplate\\api.py": {"executed_lines": [27, 34, 65, 71], "summary": {"covered_lines": 4, "num_statements": 4, "percent_covered": 100.0, "percent_covered_display": "100", "missing_lines": 0, "excluded_lines": 1, "percent_statements_covered": 100.0, "percent_statements_covered_display": "100", "num_branches": 0, "num_partial_branches": 0, "covered_branches": 0, "missing_branches": 0, "percent_branches_covered": 100.0, "percent_branches_covered_display": "100"}, "missing_lines": [], "excluded_lines": [62], "executed_branches": [], "missing_branches": [], "functions": {"create_app": {"executed_lines": [], "summary": {"covered_lines": 0, "num_statements": 0, "percent_covered": 100.0, "percent_covered_display": "100", "missing_lines": 0, "excluded_lines": 1, "percent_statements_covered": 100.0, "percent_statements_covered_display": "100", "num_branches": 0, "num_partial_branches": 0, "covered_branches": 0, "missing_branches": 0, "percent_branches_covered": 100.0, "percent_branches_covered_display": "100"}, "missing_lines": [], "excluded_lines": [62], "start_line": 34, "executed_branches": [], "missing_branches": []}, "health_check": {"executed_lines": [71], "summary": {"covered_lines": 1, "num_statements": 1, "percent_covered": 100.0, "percent_covered_display": "100", "missing_lines": 0, "excluded_lines": 0, "percent_statements_covered": 100.0, "percent_statements_covered_display": "100", "num_branches": 0, "num_partial_branches": 0, "covered_branches": 0, "missing_branches": 0, "percent_branches_covered": 100.0, "percent_branches_covered_display": "100"}, "missing_lines": [], "excluded_lines": [], "start_line": 65, "executed_branches": [], "missing_branches": []}, "": {"executed_lines": [27, 34, 65], "summary": {"covered_lines": 3, "num_statements": 3, "percent_covered": 100.0, "percent_covered_display": "100", "missing_lines": 0, "excluded_lines": 0, "percent_statements_covered": 100.0, "percent_statements_covered_display": "100", "num_branches": 0, "num_partial_branches": 0, "covered_branches": 0, "missing_branches": 0, "percent_branches_covered": 100.0, "percent_branches_covered_display": "100"}, "missing_lines": [], "excluded_lines": [], "start_line": 1, "executed_branches": [], "missing_branches": []}}, "classes": {"": {"executed_lines": [27, 34, 65, 71], "summary": {"covered_lines": 4, "num_statements": 4, "percent_covered": 100.0, "percent_covered_display": "100", "missing_lines": 0, "excluded_lines": 1, "percent_statements_covered": 100.0, "percent_statements_covered_display": "100", "num_branches": 0, "num_partial_branches": 0, "covered_branches": 0, "missing_branches": 0, "percent_branches_covered": 100.0, "percent_branches_covered_display": "100"}, "missing_lines": [], "excluded_lines": [62], "start_line": 1, "executed_branches": [], "missing_branches": []}}}, "src\\simple_python_boilerplate\\cli.py": {"executed_lines": [27, 28, 31, 37, 43, 50, 57, 60, 61, 62, 69, 71, 74, 83, 84, 87, 96, 97, 99, 100, 101, 102, 104, 110, 111, 116, 117, 118, 120, 122, 123, 124, 125, 126, 128, 130, 133, 134], "summary": {"covered_lines": 38, "num_statements": 41, "percent_covered": 92.45283018867924, "percent_covered_display": "92", "missing_lines": 3, "excluded_lines": 0, "percent_statements_covered": 92.6829268292683, "percent_statements_covered_display": "93", "num_branches": 12, "num_partial_branches": 1, "covered_branches": 11, "missing_branches": 1, "percent_branches_covered": 91.66666666666667, "percent_branches_covered_display": "92"}, "missing_lines": [105, 107, 108], "excluded_lines": [], "executed_branches": [[96, 97], [96, 104], [104, 110], [110, 111], [110, 133], [116, 117], [116, 120], [122, 123], [122, 128], [125, 126], [125, 130]], "missing_branches": [[104, 105]], "functions": {"create_parser": {"executed_lines": [37, 43, 50, 57, 60, 61, 62, 69, 71], "summary": {"covered_lines": 9, "num_statements": 9, "percent_covered": 100.0, "percent_covered_display": "100", "missing_lines": 0, "excluded_lines": 0, "percent_statements_covered": 100.0, "percent_statements_covered_display": "100", "num_branches": 0, "num_partial_branches": 0, "covered_branches": 0, "missing_branches": 0, "percent_branches_covered": 100.0, "percent_branches_covered_display": "100"}, "missing_lines": [], "excluded_lines": [], "start_line": 31, "executed_branches": [], "missing_branches": []}, "parse_args": {"executed_lines": [83, 84], "summary": {"covered_lines": 2, "num_statements": 2, "percent_covered": 100.0, "percent_covered_display": "100", "missing_lines": 0, "excluded_lines": 0, "percent_statements_covered": 100.0, "percent_statements_covered_display": "100", "num_branches": 0, "num_partial_branches": 0, "covered_branches": 0, "missing_branches": 0, "percent_branches_covered": 100.0, "percent_branches_covered_display": "100"}, "missing_lines": [], "excluded_lines": [], "start_line": 74, "executed_branches": [], "missing_branches": []}, "run": {"executed_lines": [96, 97, 99, 100, 101, 102, 104, 110, 111, 116, 117, 118, 120, 122, 123, 124, 125, 126, 128, 130, 133, 134], "summary": {"covered_lines": 22, "num_statements": 25, "percent_covered": 89.1891891891892, "percent_covered_display": "89", "missing_lines": 3, "excluded_lines": 0, "percent_statements_covered": 88.0, "percent_statements_covered_display": "88", "num_branches": 12, "num_partial_branches": 1, "covered_branches": 11, "missing_branches": 1, "percent_branches_covered": 91.66666666666667, "percent_branches_covered_display": "92"}, "missing_lines": [105, 107, 108], "excluded_lines": [], "start_line": 87, "executed_branches": [[96, 97], [96, 104], [104, 110], [110, 111], [110, 133], [116, 117], [116, 120], [122, 123], [122, 128], [125, 126], [125, 130]], "missing_branches": [[104, 105]]}, "": {"executed_lines": [27, 28, 31, 74, 87], "summary": {"covered_lines": 5, "num_statements": 5, "percent_covered": 100.0, "percent_covered_display": "100", "missing_lines": 0, "excluded_lines": 0, "percent_statements_covered": 100.0, "percent_statements_covered_display": "100", "num_branches": 0, "num_partial_branches": 0, "covered_branches": 0, "missing_branches": 0, "percent_branches_covered": 100.0, "percent_branches_covered_display": "100"}, "missing_lines": [], "excluded_lines": [], "start_line": 1, "executed_branches": [], "missing_branches": []}}, "classes": {"": {"executed_lines": [27, 28, 31, 37, 43, 50, 57, 60, 61, 62, 69, 71, 74, 83, 84, 87, 96, 97, 99, 100, 101, 102, 104, 110, 111, 116, 117, 118, 120, 122, 123, 124, 125, 126, 128, 130, 133, 134], "summary": {"covered_lines": 38, "num_statements": 41, "percent_covered": 92.45283018867924, "percent_covered_display": "92", "missing_lines": 3, "excluded_lines": 0, "percent_statements_covered": 92.6829268292683, "percent_statements_covered_display": "93", "num_branches": 12, "num_partial_branches": 1, "covered_branches": 11, "missing_branches": 1, "percent_branches_covered": 91.66666666666667, "percent_branches_covered_display": "92"}, "missing_lines": [105, 107, 108], "excluded_lines": [], "start_line": 1, "executed_branches": [[96, 97], [96, 104], [104, 110], [110, 111], [110, 133], [116, 117], [116, 120], [122, 123], [122, 128], [125, 126], [125, 130]], "missing_branches": [[104, 105]]}}}, "src\\simple_python_boilerplate\\dev_tools\\__init__.py": {"executed_lines": [], "summary": {"covered_lines": 0, "num_statements": 0, "percent_covered": 100.0, "percent_covered_display": "100", "missing_lines": 0, "excluded_lines": 0, "percent_statements_covered": 100.0, "percent_statements_covered_display": "100", "num_branches": 0, "num_partial_branches": 0, "covered_branches": 0, "missing_branches": 0, "percent_branches_covered": 100.0, "percent_branches_covered_display": "100"}, "missing_lines": [], "excluded_lines": [], "executed_branches": [], "missing_branches": [], "functions": {"": {"executed_lines": [], "summary": {"covered_lines": 0, "num_statements": 0, "percent_covered": 100.0, "percent_covered_display": "100", "missing_lines": 0, "excluded_lines": 0, "percent_statements_covered": 100.0, "percent_statements_covered_display": "100", "num_branches": 0, "num_partial_branches": 0, "covered_branches": 0, "missing_branches": 0, "percent_branches_covered": 100.0, "percent_branches_covered_display": "100"}, "missing_lines": [], "excluded_lines": [], "start_line": 1, "executed_branches": [], "missing_branches": []}}, "classes": {"": {"executed_lines": [], "summary": {"covered_lines": 0, "num_statements": 0, "percent_covered": 100.0, "percent_covered_display": "100", "missing_lines": 0, "excluded_lines": 0, "percent_statements_covered": 100.0, "percent_statements_covered_display": "100", "num_branches": 0, "num_partial_branches": 0, "covered_branches": 0, "missing_branches": 0, "percent_branches_covered": 100.0, "percent_branches_covered_display": "100"}, "missing_lines": [], "excluded_lines": [], "start_line": 1, "executed_branches": [], "missing_branches": []}}}, "src\\simple_python_boilerplate\\engine.py": {"executed_lines": [22, 23, 24, 25, 26, 27, 30, 33, 34, 35, 36, 39, 42, 43, 44, 45, 46, 47, 50, 56, 57, 63, 64, 72, 78, 81, 84, 85, 86, 87, 88, 91, 98, 99, 101, 111, 123, 126, 135], "summary": {"covered_lines": 39, "num_statements": 42, "percent_covered": 93.18181818181819, "percent_covered_display": "93", "missing_lines": 3, "excluded_lines": 0, "percent_statements_covered": 92.85714285714286, "percent_statements_covered_display": "93", "num_branches": 2, "num_partial_branches": 0, "covered_branches": 2, "missing_branches": 0, "percent_branches_covered": 100.0, "percent_branches_covered_display": "100"}, "missing_lines": [58, 59, 61], "excluded_lines": [], "executed_branches": [[86, 87], [86, 91]], "missing_branches": [], "functions": {"get_version_info": {"executed_lines": [56, 57, 63, 64], "summary": {"covered_lines": 4, "num_statements": 7, "percent_covered": 57.142857142857146, "percent_covered_display": "57", "missing_lines": 3, "excluded_lines": 0, "percent_statements_covered": 57.142857142857146, "percent_statements_covered_display": "57", "num_branches": 0, "num_partial_branches": 0, "covered_branches": 0, "missing_branches": 0, "percent_branches_covered": 100.0, "percent_branches_covered_display": "100"}, "missing_lines": [58, 59, 61], "excluded_lines": [], "start_line": 50, "executed_branches": [], "missing_branches": []}, "diagnose_environment": {"executed_lines": [78, 81, 84, 85, 86, 87, 88, 91, 98, 99, 101], "summary": {"covered_lines": 11, "num_statements": 11, "percent_covered": 100.0, "percent_covered_display": "100", "missing_lines": 0, "excluded_lines": 0, "percent_statements_covered": 100.0, "percent_statements_covered_display": "100", "num_branches": 2, "num_partial_branches": 0, "covered_branches": 2, "missing_branches": 0, "percent_branches_covered": 100.0, "percent_branches_covered_display": "100"}, "missing_lines": [], "excluded_lines": [], "start_line": 72, "executed_branches": [[86, 87], [86, 91]], "missing_branches": []}, "process_data": {"executed_lines": [123], "summary": {"covered_lines": 1, "num_statements": 1, "percent_covered": 100.0, "percent_covered_display": "100", "missing_lines": 0, "excluded_lines": 0, "percent_statements_covered": 100.0, "percent_statements_covered_display": "100", "num_branches": 0, "num_partial_branches": 0, "covered_branches": 0, "missing_branches": 0, "percent_branches_covered": 100.0, "percent_branches_covered_display": "100"}, "missing_lines": [], "excluded_lines": [], "start_line": 111, "executed_branches": [], "missing_branches": []}, "validate_input": {"executed_lines": [135], "summary": {"covered_lines": 1, "num_statements": 1, "percent_covered": 100.0, "percent_covered_display": "100", "missing_lines": 0, "excluded_lines": 0, "percent_statements_covered": 100.0, "percent_statements_covered_display": "100", "num_branches": 0, "num_partial_branches": 0, "covered_branches": 0, "missing_branches": 0, "percent_branches_covered": 100.0, "percent_branches_covered_display": "100"}, "missing_lines": [], "excluded_lines": [], "start_line": 126, "executed_branches": [], "missing_branches": []}, "": {"executed_lines": [22, 23, 24, 25, 26, 27, 30, 33, 34, 35, 36, 39, 42, 43, 44, 45, 46, 47, 50, 72, 111, 126], "summary": {"covered_lines": 22, "num_statements": 22, "percent_covered": 100.0, "percent_covered_display": "100", "missing_lines": 0, "excluded_lines": 0, "percent_statements_covered": 100.0, "percent_statements_covered_display": "100", "num_branches": 0, "num_partial_branches": 0, "covered_branches": 0, "missing_branches": 0, "percent_branches_covered": 100.0, "percent_branches_covered_display": "100"}, "missing_lines": [], "excluded_lines": [], "start_line": 1, "executed_branches": [], "missing_branches": []}}, "classes": {"VersionInfo": {"executed_lines": [], "summary": {"covered_lines": 0, "num_statements": 0, "percent_covered": 100.0, "percent_covered_display": "100", "missing_lines": 0, "excluded_lines": 0, "percent_statements_covered": 100.0, "percent_statements_covered_display": "100", "num_branches": 0, "num_partial_branches": 0, "covered_branches": 0, "missing_branches": 0, "percent_branches_covered": 100.0, "percent_branches_covered_display": "100"}, "missing_lines": [], "excluded_lines": [], "start_line": 30, "executed_branches": [], "missing_branches": []}, "DiagnosticInfo": {"executed_lines": [], "summary": {"covered_lines": 0, "num_statements": 0, "percent_covered": 100.0, "percent_covered_display": "100", "missing_lines": 0, "excluded_lines": 0, "percent_statements_covered": 100.0, "percent_statements_covered_display": "100", "num_branches": 0, "num_partial_branches": 0, "covered_branches": 0, "missing_branches": 0, "percent_branches_covered": 100.0, "percent_branches_covered_display": "100"}, "missing_lines": [], "excluded_lines": [], "start_line": 39, "executed_branches": [], "missing_branches": []}, "": {"executed_lines": [22, 23, 24, 25, 26, 27, 30, 33, 34, 35, 36, 39, 42, 43, 44, 45, 46, 47, 50, 56, 57, 63, 64, 72, 78, 81, 84, 85, 86, 87, 88, 91, 98, 99, 101, 111, 123, 126, 135], "summary": {"covered_lines": 39, "num_statements": 42, "percent_covered": 93.18181818181819, "percent_covered_display": "93", "missing_lines": 3, "excluded_lines": 0, "percent_statements_covered": 92.85714285714286, "percent_statements_covered_display": "93", "num_branches": 2, "num_partial_branches": 0, "covered_branches": 2, "missing_branches": 0, "percent_branches_covered": 100.0, "percent_branches_covered_display": "100"}, "missing_lines": [58, 59, 61], "excluded_lines": [], "start_line": 1, "executed_branches": [[86, 87], [86, 91]], "missing_branches": []}}}, "src\\simple_python_boilerplate\\main.py": {"executed_lines": [24, 27, 32, 34, 37, 39, 41, 42, 43, 46, 57, 58, 60, 61, 62, 63, 64, 65, 73, 79, 84, 86, 89, 90, 91, 92, 93, 96, 97, 98, 99, 102, 103, 106, 107, 108, 109, 112, 115, 116, 117, 118, 120], "summary": {"covered_lines": 43, "num_statements": 44, "percent_covered": 96.15384615384616, "percent_covered_display": "96", "missing_lines": 1, "excluded_lines": 0, "percent_statements_covered": 97.72727272727273, "percent_statements_covered_display": "98", "num_branches": 8, "num_partial_branches": 1, "covered_branches": 7, "missing_branches": 1, "percent_branches_covered": 87.5, "percent_branches_covered_display": "88"}, "missing_lines": [111], "excluded_lines": [], "executed_branches": [[62, 63], [62, 65], [107, 108], [107, 112], [108, 109], [116, 117], [116, 118]], "missing_branches": [[108, 111]], "functions": {"main": {"executed_lines": [32, 34], "summary": {"covered_lines": 2, "num_statements": 2, "percent_covered": 100.0, "percent_covered_display": "100", "missing_lines": 0, "excluded_lines": 0, "percent_statements_covered": 100.0, "percent_statements_covered_display": "100", "num_branches": 0, "num_partial_branches": 0, "covered_branches": 0, "missing_branches": 0, "percent_branches_covered": 100.0, "percent_branches_covered_display": "100"}, "missing_lines": [], "excluded_lines": [], "start_line": 27, "executed_branches": [], "missing_branches": []}, "print_version": {"executed_lines": [39, 41, 42, 43], "summary": {"covered_lines": 4, "num_statements": 4, "percent_covered": 100.0, "percent_covered_display": "100", "missing_lines": 0, "excluded_lines": 0, "percent_statements_covered": 100.0, "percent_statements_covered_display": "100", "num_branches": 0, "num_partial_branches": 0, "covered_branches": 0, "missing_branches": 0, "percent_branches_covered": 100.0, "percent_branches_covered_display": "100"}, "missing_lines": [], "excluded_lines": [], "start_line": 37, "executed_branches": [], "missing_branches": []}, "start": {"executed_lines": [57, 58, 60, 61, 62, 63, 64, 65], "summary": {"covered_lines": 8, "num_statements": 8, "percent_covered": 100.0, "percent_covered_display": "100", "missing_lines": 0, "excluded_lines": 0, "percent_statements_covered": 100.0, "percent_statements_covered_display": "100", "num_branches": 2, "num_partial_branches": 0, "covered_branches": 2, "missing_branches": 0, "percent_branches_covered": 100.0, "percent_branches_covered_display": "100"}, "missing_lines": [], "excluded_lines": [], "start_line": 46, "executed_branches": [[62, 63], [62, 65]], "missing_branches": []}, "doctor": {"executed_lines": [79, 84, 86, 89, 90, 91, 92, 93, 96, 97, 98, 99, 102, 103, 106, 107, 108, 109, 112, 115, 116, 117, 118, 120], "summary": {"covered_lines": 24, "num_statements": 25, "percent_covered": 93.54838709677419, "percent_covered_display": "94", "missing_lines": 1, "excluded_lines": 0, "percent_statements_covered": 96.0, "percent_statements_covered_display": "96", "num_branches": 6, "num_partial_branches": 1, "covered_branches": 5, "missing_branches": 1, "percent_branches_covered": 83.33333333333333, "percent_branches_covered_display": "83"}, "missing_lines": [111], "excluded_lines": [], "start_line": 73, "executed_branches": [[107, 108], [107, 112], [108, 109], [116, 117], [116, 118]], "missing_branches": [[108, 111]]}, "": {"executed_lines": [24, 27, 37, 46, 73], "summary": {"covered_lines": 5, "num_statements": 5, "percent_covered": 100.0, "percent_covered_display": "100", "missing_lines": 0, "excluded_lines": 0, "percent_statements_covered": 100.0, "percent_statements_covered_display": "100", "num_branches": 0, "num_partial_branches": 0, "covered_branches": 0, "missing_branches": 0, "percent_branches_covered": 100.0, "percent_branches_covered_display": "100"}, "missing_lines": [], "excluded_lines": [], "start_line": 1, "executed_branches": [], "missing_branches": []}}, "classes": {"": {"executed_lines": [24, 27, 32, 34, 37, 39, 41, 42, 43, 46, 57, 58, 60, 61, 62, 63, 64, 65, 73, 79, 84, 86, 89, 90, 91, 92, 93, 96, 97, 98, 99, 102, 103, 106, 107, 108, 109, 112, 115, 116, 117, 118, 120], "summary": {"covered_lines": 43, "num_statements": 44, "percent_covered": 96.15384615384616, "percent_covered_display": "96", "missing_lines": 1, "excluded_lines": 0, "percent_statements_covered": 97.72727272727273, "percent_statements_covered_display": "98", "num_branches": 8, "num_partial_branches": 1, "covered_branches": 7, "missing_branches": 1, "percent_branches_covered": 87.5, "percent_branches_covered_display": "88"}, "missing_lines": [111], "excluded_lines": [], "start_line": 1, "executed_branches": [[62, 63], [62, 65], [107, 108], [107, 112], [108, 109], [116, 117], [116, 118]], "missing_branches": [[108, 111]]}}}, "src\\simple_python_boilerplate\\sql\\__init__.py": {"executed_lines": [], "summary": {"covered_lines": 0, "num_statements": 0, "percent_covered": 100.0, "percent_covered_display": "100", "missing_lines": 0, "excluded_lines": 0, "percent_statements_covered": 100.0, "percent_statements_covered_display": "100", "num_branches": 0, "num_partial_branches": 0, "covered_branches": 0, "missing_branches": 0, "percent_branches_covered": 100.0, "percent_branches_covered_display": "100"}, "missing_lines": [], "excluded_lines": [], "executed_branches": [], "missing_branches": [], "functions": {"": {"executed_lines": [], "summary": {"covered_lines": 0, "num_statements": 0, "percent_covered": 100.0, "percent_covered_display": "100", "missing_lines": 0, "excluded_lines": 0, "percent_statements_covered": 100.0, "percent_statements_covered_display": "100", "num_branches": 0, "num_partial_branches": 0, "covered_branches": 0, "missing_branches": 0, "percent_branches_covered": 100.0, "percent_branches_covered_display": "100"}, "missing_lines": [], "excluded_lines": [], "start_line": 1, "executed_branches": [], "missing_branches": []}}, "classes": {"": {"executed_lines": [], "summary": {"covered_lines": 0, "num_statements": 0, "percent_covered": 100.0, "percent_covered_display": "100", "missing_lines": 0, "excluded_lines": 0, "percent_statements_covered": 100.0, "percent_statements_covered_display": "100", "num_branches": 0, "num_partial_branches": 0, "covered_branches": 0, "missing_branches": 0, "percent_branches_covered": 100.0, "percent_branches_covered_display": "100"}, "missing_lines": [], "excluded_lines": [], "start_line": 1, "executed_branches": [], "missing_branches": []}}}}, "totals": {"covered_lines": 153, "num_statements": 161, "percent_covered": 94.17989417989418, "percent_covered_display": "94", "missing_lines": 8, "excluded_lines": 6, "percent_statements_covered": 95.03105590062111, "percent_statements_covered_display": "95", "num_branches": 28, "num_partial_branches": 3, "covered_branches": 25, "missing_branches": 3, "percent_branches_covered": 89.28571428571429, "percent_branches_covered_display": "89"}}
